[2024-12-14T05:04:51.107Z]
Context: Processing section 0
URL: http://qualifyingexam.test/admin/test2.php?exam_id=14#
Exam ID: 14
Message: CKEDITOR is not defined
Stack Trace:
ReferenceError: CKEDITOR is not defined
    at http://qualifyingexam.test/admin/test2.php?exam_id=14:1804:40
    at NodeList.forEach (<anonymous>)
    at saveForm (http://qualifyingexam.test/admin/test2.php?exam_id=14:1788:22)
    at HTMLButtonElement.<anonymous> (http://qualifyingexam.test/admin/test2.php?exam_id=14:1760:9)
--------------------------------------------------------------------------------
[2024-12-14T05:12:44.353Z]
Context: Processing section 0
URL: http://qualifyingexam.test/admin/test2.php?exam_id=14#
Exam ID: 14
Message: CKEDITOR is not defined
Stack Trace:
ReferenceError: CKEDITOR is not defined
    at http://qualifyingexam.test/admin/test2.php?exam_id=14:1804:40
    at NodeList.forEach (<anonymous>)
    at saveForm (http://qualifyingexam.test/admin/test2.php?exam_id=14:1788:22)
    at HTMLButtonElement.<anonymous> (http://qualifyingexam.test/admin/test2.php?exam_id=14:1760:9)
--------------------------------------------------------------------------------
[2024-12-14 07:45:49] save_question.php: Exam ID is required
[2024-12-14 07:47:49] save_question.php: Table 'qualifying_exam.exam_sections' doesn't exist
[2024-12-14 07:47:56] save_question.php: Received data: Array
(
    [exam_id] => 14
    [sections] => Array
        (
            [0] => Array
                (
                    [section_id] => 2
                    [title] => <p>dsfs</p>
                    [description] => <p>fasfasdf</p>
                    [questions] => Array
                        (
                        )

                )

        )

)

[2024-12-14 07:47:56] save_question.php: Table 'qualifying_exam.exam_sections' doesn't exist
[2024-12-14 07:51:43] save_question.php: Received data: Array
(
    [exam_id] => 14
    [sections] => Array
        (
            [0] => Array
                (
                    [section_id] => 1
                    [title] => <p>df</p>
                    [description] => <p>sdffas</p>
                    [questions] => Array
                        (
                        )

                )

        )

)

[2024-12-14 07:54:30] save_question.php: Received data: Array
(
    [exam_id] => 14
    [sections] => Array
        (
            [0] => Array
                (
                    [section_id] => 1
                    [title] => <p>fsdfsa</p>
                    [description] => <p>safasdfasdf</p>
                    [questions] => Array
                        (
                        )

                )

        )

)

[2024-12-14 08:02:05] save_question.php: Received data: Array
(
    [exam_id] => 14
    [sections] => Array
        (
            [0] => Array
                (
                    [section_id] => 1
                    [title] => <p>dfasfas</p>
                    [description] => <p>safasfs</p>
                    [questions] => Array
                        (
                        )

                )

        )

)

[2024-12-14 08:02:05] save_question.php: Processing exam_id: 14
[2024-12-14 08:02:05] save_question.php: Processing section: Array
(
    [section_id] => 1
    [title] => <p>dfasfas</p>
    [description] => <p>safasfs</p>
    [questions] => Array
        (
        )

)

[2024-12-14 08:02:05] save_question.php: Sanitized title: <p>dfasfas</p>
[2024-12-14 08:02:05] save_question.php: Sanitized description: <p>safasfs</p>
[2024-12-14 08:02:05] save_question.php: Updating section: 1
[2024-12-14 08:02:05] save_question.php: Section ID: 1
[2024-12-14 08:11:13] save_question.php: Invalid request method
[2024-12-14 08:11:18] save_question.php: Raw input: {"exam_id":"14","sections":[{"section_id":"2","title":"<p>adfad</p>","description":"<p>fadfasdf</p>","questions":[]}]}
[2024-12-14 08:11:20] save_question.php: Invalid request method
[2024-12-14 09:49:54] save_question.php: Invalid request method
[2024-12-14 09:49:57] save_question.php: Invalid request method
[2024-12-15 09:06:29] save_question.php: Invalid JSON data: Syntax error
[2024-12-15 09:08:36] save_question.php: Invalid request method
[2024-12-15 09:08:39] save_question.php: Invalid request method
[2024-12-15 09:08:39] save_question.php: Invalid request method
[2024-12-15 09:08:39] save_question.php: Invalid request method
[2024-12-15 09:09:39] save_question.php: Invalid request method
[2024-12-15 09:09:41] save_question.php: Invalid request method
[2024-12-15 09:09:41] save_question.php: Invalid request method
[2024-12-15 09:09:41] save_question.php: Invalid request method
[2024-12-15 09:09:41] save_question.php: Invalid request method
[2024-12-15 09:09:42] save_question.php: Invalid request method
[2024-12-15 09:09:42] save_question.php: Invalid request method
[2024-12-15 09:10:32] save_question.php: Invalid request method
[2024-12-15 09:10:33] save_question.php: Invalid request method
[2024-12-15 09:10:33] save_question.php: Invalid request method
[2024-12-15 09:10:33] save_question.php: Invalid request method
[2024-12-15 09:10:59] save_question.php: Invalid request method
[2024-12-15 09:12:59] save_question.php: Invalid request method
[2024-12-15 09:13:26] save_question.php: Invalid request method
[2024-12-15 09:19:57] save_question.php: Invalid request method
[2024-12-15 09:22:34] save_question.php: Invalid request method
[2024-12-15 09:23:27] save_question.php: Invalid request method
[2024-12-15 09:23:28] save_question.php: Invalid request method
[2024-12-15 09:23:28] save_question.php: Invalid request method
[2024-12-15 09:25:20] save_question.php: Invalid request method
[2024-12-15 09:47:13] save_question.php: Invalid request method
[2024-12-15 09:49:42] save_question.php: Invalid request method
[2024-12-15 17:49:01] save_question.php: Invalid request method
[2024-12-15 17:49:03] save_question.php: Invalid request method
[2024-12-15 17:49:04] save_question.php: Invalid request method
[2024-12-15 17:49:04] save_question.php: Invalid request method
[2024-12-15 17:49:06] save_question.php: Invalid request method
[2024-12-15 17:50:53] save_question.php: Invalid request method
[2024-12-15 17:50:55] save_question.php: Invalid request method
[2024-12-15 17:50:56] save_question.php: Invalid request method
[2024-12-15 17:50:57] save_question.php: Invalid request method
[2024-12-15 17:50:57] save_question.php: Invalid request method
[2024-12-15 17:53:32] save_question.php: Invalid request method
[2024-12-15 17:54:51] save_question.php: Invalid request method
[2024-12-15 17:56:17] save_question.php: Invalid request method
[2024-12-15 17:58:30] save_question.php: Invalid request method
[2024-12-15 18:00:50] save_question.php: Invalid request method
[2024-12-15 18:01:53] save_question.php: Invalid request method
[2024-12-15 18:04:34] save_question.php: Invalid request method
[2024-12-15 18:14:04] save_question.php: Invalid request method
[2024-12-15 18:18:06] save_question.php: Invalid request method
[2024-12-15 18:20:53] save_question.php: Invalid request method
[2024-12-15 18:31:59] save_question.php: Invalid request method
[2024-12-15 18:37:32] save_question.php: Invalid request method
[2024-12-15 18:49:13] save_question.php: Invalid request method
[2024-12-15 19:21:29] save_question.php: Invalid request method
[2024-12-15 19:21:44] save_question.php: Invalid request method
[2024-12-15 19:21:50] save_question.php: Invalid request method
[2024-12-15 19:27:16] save_question.php: Invalid request method
[2024-12-15 19:27:17] save_question.php: Invalid request method
[2024-12-15 19:29:41] save_question.php: Invalid request method
[2024-12-15 19:30:32] save_question.php: Invalid request method
[2024-12-15 19:32:10] save_question.php: Invalid request method
[2024-12-15 19:36:28] save_question.php: Invalid request method
[2024-12-15 19:41:08] save_question.php: Invalid request method
[2024-12-15 19:41:33] save_question.php: Invalid request method
[2024-12-15 19:41:55] save_question.php: Invalid request method
[2024-12-15 19:42:29] save_question.php: Invalid request method
[2024-12-16 02:56:31] save_question.php: Invalid request method
[2024-12-16 02:56:47] save_question.php: Invalid request method
[2024-12-16 03:05:41] save_question.php: Invalid request method
[2024-12-16 03:19:50] save_question.php: Invalid request method
[2024-12-16 03:27:45] save_question.php: Invalid request method
[2024-12-16 03:35:54] save_question.php: Invalid request method
[2024-12-16 03:40:37] save_question.php: Invalid request method
[2024-12-16 03:49:16] save_question.php: Invalid request method
[2024-12-16 09:57:59] save_question.php: Invalid request method
[2024-12-16 09:59:41] save_question.php: Invalid request method
[2024-12-16 10:00:04] save_question.php: Invalid request method
[2024-12-16 10:01:31] save_question.php: Invalid request method
[2024-12-16 10:06:46] save_question.php: Invalid request method
[2024-12-16 10:32:22] save_question.php: Invalid JSON data: Syntax error
[2024-12-16 10:32:31] save_question.php: Invalid JSON data: Syntax error
[2024-12-16 10:44:08] save_question.php: Invalid request method
[2024-12-16 10:44:49] save_question.php: Invalid request method
[2024-12-16 10:52:39] save_question.php: Invalid request method
[2024-12-16 10:53:44] save_question.php: Invalid request method
[2024-12-16 10:53:58] save_question.php: Invalid request method
[2024-12-16 10:55:05] save_question.php: Invalid request method
[2024-12-16 10:55:33] save_question.php: Invalid request method
[2024-12-16 10:55:49] save_question.php: Invalid request method
[2024-12-16 10:56:27] save_question.php: Invalid request method
[2024-12-16 11:00:59] save_question.php: Invalid request method
[2024-12-16 11:02:32] save_question.php: Invalid request method
[2024-12-16 11:04:50] save_question.php: Invalid request method
[2024-12-16 11:07:38] save_question.php: Invalid request method
[2024-12-16 11:08:58] save_question.php: Invalid request method
[2024-12-16 11:42:39] save_question.php: Invalid request method
[2024-12-16 11:46:19] save_question.php: Invalid request method
[2024-12-16 11:49:23] save_question.php: Invalid request method
[2024-12-16 12:07:12] save_question.php: Invalid request method
[2024-12-16 12:08:12] save_question.php: Invalid request method
[2024-12-16 12:08:38] save_question.php: Invalid request method
[2024-12-16 12:11:26] save_question.php: Invalid request method
[2024-12-16 12:36:48] save_question.php: Invalid request method
[2024-12-16 13:02:57] save_question.php: Invalid request method
[2024-12-16 13:05:40] save_question.php: Invalid request method
[2024-12-16 13:06:07] save_question.php: Invalid request method
[2024-12-16 13:06:07] save_question.php: Invalid request method
[2024-12-16 13:12:19] save_question.php: Invalid request method
[2024-12-16 13:12:42] save_question.php: Invalid request method
[2024-12-16 13:13:02] save_question.php: Invalid request method
[2024-12-16 13:13:21] save_question.php: Invalid request method
[2024-12-16 13:13:21] save_question.php: Invalid request method
[2024-12-16 13:29:06] save_question.php: Invalid request method
[2024-12-16 13:46:11] save_question.php: Invalid request method
[2024-12-16 13:51:52] save_question.php: Invalid request method
[2024-12-16 13:51:57] save_question.php: Invalid request method
[2024-12-16 13:55:59] save_question.php: Invalid request method
[2024-12-16 14:04:38] save_question.php: Invalid request method
