=== OCR Results 2024-11-10 08:21:15 ===
Original Image: Screenshot 2024-11-08 094621.png
Extracted Text:
University of Perpetual Help System DALTA
TAP SYSTER
Alabang - Zapote Road, Pamplona 3, Las Pintas City, Metro Manila 1740, Philippines
www.perpetualdalla.edu.ph . +63(02) 671-06-39
OFFICE OF THE UNIVERSITY REGISTRAR
OFFICIAL TRANSCRIPT OF RECORDS
Student Name
: ACABADO, JERRY MAE RIPALDA
ID Number
: 19-0179-116
Page 2 of 3
Course Code
Course Title
Grade Credit Unit's Completion
UNIVERSITY OF PERPETUAL HELP SYSTEM DALTA
IST SEMESTER . 2019 - 2020
FCL 1101
The Perpetualite: Identity and Dignity
1.00
2.0
PIL 1000
Komunikasyon sa Akademikong Filipino
1.00
3.0
GEC 1000
Understanding the Self
3.0
GEC 4000
Purposive Communication
1.00
3.0
GEC 50CO
Mathematics in the Modem Werld
1.00
3.0
NSTP 1101
Nacional Service Training Program I
1.25
3.0
PE 1101
Foundations of Physical Education
1.00
20
PSY 1101
Introduction to Psychology
1.25
3.0
2ND SEMESTER, 2019 - 2020
FCL 1202
The Perpetualite: A Man of God
1.00
2.0
GEC 6000
The Contemporary World
1.75
3.0
GEC 8000
Science, Technology, and Society
1.50
GEE 1000
Living in the IT Era - Lec
1.75
MY SYSTEMI
GEE 10COL
Living in the IT Era - Lab
1.25
1.0
NSTP 1202
National Service Training Progrm 2
1.00
3.0
PE 1202
Rhythmic Activities
1.00
2.0
PSY 1202
Psychological Statistics - Lec
1.25
3.0
PSY 1202L
Psychological Statistics - Lab
1.25
2.0
JRD SEMESTER , 2019 - 2020
ENG 1000
English for the Profession
1.00
3.0
FCL 2103
The Perpetualite: Called to Perfection
1.00
2.0
FIL 3000
Hasining na Pagpapahayag
1.00
3.0
GEC 2000
Ethics
1.25
3.0
GEE 2000
The Entrepreneurial Mind
1.25
3.0
PE 2103
Individual/Dual Sports
1.00
20
PSY 2103
Physiology/Biological Psychology
1.75
3.0
PSY 2104
Developmental Psychology
1.50
3.0
PSY 2105
Theories of Personality
1.50
3.0
IST SEMESTER . 2020 - 2021
FCL 2204
The Perpetualite: A Man for Others
1.00
2.0
GEC 3000
Arts Appreciation
1.25
3.0
GEC 7000
Readings In Philippine History
1.25
3.0
PE 2204
Team Sports
1.00
2.0
PSY 220G
Experimental Psychology - Lec
1.00
PSY 2206L
Experimental Psychology - Lab
1.29
2.0
RZL 1000
The Life and Works of Rizal
1.35
3.0
2ND SEMESTER . 2020 - 2021
FCL 3105
The Perpetualite: A Filipino Christian Leader
1.00
2.0
PSY 3105
Cognitive Psychology
1.50
3.0
PSY 3107
Field Methods in Psychology - Lec
1.25
3.0
PSY 3107L
Field Methods in Psychology - Lab
1.50
2.0
PSY 3108
Social Psychology
1.25
3.0
PSY 3109
Industrial/Organizational Psychology
1.25
10
PSY 3110
Group Dynamics
1.25
3.0
3RD SEMESTER . 2020 - 2021
FOL 3205
The Perpetualite: Minister of Life
1.00
20
PSY 2211
Psychological Assessment - Lec
1.25
...
UNIVERSITY REGISTRAR
NOT VALID WITHOUT SCHOOL SEAL

=== End of Results ===

=== OCR Results 2024-11-10 08:25:51 ===
Original Image: Screenshot 2024-11-08 094621.png
Extracted Text:
University of Perpetual Help System DALTA
TAP SYSTER
Alabang - Zapote Road, Pamplona 3, Las Pintas City, Metro Manila 1740, Philippines
www.perpetualdalla.edu.ph . +63(02) 671-06-39
OFFICE OF THE UNIVERSITY REGISTRAR
OFFICIAL TRANSCRIPT OF RECORDS
Student Name
: ACABADO, JERRY MAE RIPALDA
ID Number
: 19-0179-116
Page 2 of 3
Course Code
Course Title
Grade Credit Unit's Completion
UNIVERSITY OF PERPETUAL HELP SYSTEM DALTA
IST SEMESTER . 2019 - 2020
FCL 1101
The Perpetualite: Identity and Dignity
1.00
2.0
PIL 1000
Komunikasyon sa Akademikong Filipino
1.00
3.0
GEC 1000
Understanding the Self
3.0
GEC 4000
Purposive Communication
1.00
3.0
GEC 50CO
Mathematics in the Modem Werld
1.00
3.0
NSTP 1101
Nacional Service Training Program I
1.25
3.0
PE 1101
Foundations of Physical Education
1.00
20
PSY 1101
Introduction to Psychology
1.25
3.0
2ND SEMESTER, 2019 - 2020
FCL 1202
The Perpetualite: A Man of God
1.00
2.0
GEC 6000
The Contemporary World
1.75
3.0
GEC 8000
Science, Technology, and Society
1.50
GEE 1000
Living in the IT Era - Lec
1.75
MY SYSTEMI
GEE 10COL
Living in the IT Era - Lab
1.25
1.0
NSTP 1202
National Service Training Progrm 2
1.00
3.0
PE 1202
Rhythmic Activities
1.00
2.0
PSY 1202
Psychological Statistics - Lec
1.25
3.0
PSY 1202L
Psychological Statistics - Lab
1.25
2.0
JRD SEMESTER , 2019 - 2020
ENG 1000
English for the Profession
1.00
3.0
FCL 2103
The Perpetualite: Called to Perfection
1.00
2.0
FIL 3000
Hasining na Pagpapahayag
1.00
3.0
GEC 2000
Ethics
1.25
3.0
GEE 2000
The Entrepreneurial Mind
1.25
3.0
PE 2103
Individual/Dual Sports
1.00
20
PSY 2103
Physiology/Biological Psychology
1.75
3.0
PSY 2104
Developmental Psychology
1.50
3.0
PSY 2105
Theories of Personality
1.50
3.0
IST SEMESTER . 2020 - 2021
FCL 2204
The Perpetualite: A Man for Others
1.00
2.0
GEC 3000
Arts Appreciation
1.25
3.0
GEC 7000
Readings In Philippine History
1.25
3.0
PE 2204
Team Sports
1.00
2.0
PSY 220G
Experimental Psychology - Lec
1.00
PSY 2206L
Experimental Psychology - Lab
1.29
2.0
RZL 1000
The Life and Works of Rizal
1.35
3.0
2ND SEMESTER . 2020 - 2021
FCL 3105
The Perpetualite: A Filipino Christian Leader
1.00
2.0
PSY 3105
Cognitive Psychology
1.50
3.0
PSY 3107
Field Methods in Psychology - Lec
1.25
3.0
PSY 3107L
Field Methods in Psychology - Lab
1.50
2.0
PSY 3108
Social Psychology
1.25
3.0
PSY 3109
Industrial/Organizational Psychology
1.25
10
PSY 3110
Group Dynamics
1.25
3.0
3RD SEMESTER . 2020 - 2021
FOL 3205
The Perpetualite: Minister of Life
1.00
20
PSY 2211
Psychological Assessment - Lec
1.25
...
UNIVERSITY REGISTRAR
NOT VALID WITHOUT SCHOOL SEAL

=== End of Results ===

=== OCR Results 2024-11-10 08:32:00 ===
Original Image: Screenshot 2024-11-08 094621.png
Extracted Text:
University of Perpetual Help System DALTA
TAP SYSTER Alabang - Zapote Road, Pamplona 3, Las Pintas City, Metro Manila 1740, Philippines
www.perpetualdalla.edu.ph . +63(02) 671-06-39
OFFICE OF THE UNIVERSITY REGISTRAR
OFFICIAL TRANSCRIPT OF RECORDS
: ACABADO, JERRY MAE RIPALDA Student Name : 19-0179-116 ID Number Page 2 of 3
Course Code Course Title Grade Credit Unit's Completion
UNIVERSITY OF PERPETUAL HELP SYSTEM DALTA IST SEMESTER . 2019 - 2020 The Perpetualite: Identity and Dignity 2.0 FCL 1101 1.00 1.00 3.0 PIL 1000 Komunikasyon sa Akademikong Filipino Understanding the Self 3.0 GEC 1000 1.00 3.0 GEC 4000 Purposive Communication 1.00 3.0 GEC 50CO Mathematics in the Modem Werld 3.0 1.25 Nacional Service Training Program I NSTP 1101 1.00 20 PE 1101 Foundations of Physical Education 3.0 1.25 PSY 1101 Introduction to Psychology 2ND SEMESTER, 2019 - 2020 1.00 2.0 The Perpetualite: A Man of God FCL 1202 1.75 3.0 GEC 6000 The Contemporary World 1.50 GEC 8000 Science, Technology, and Society 1.75 GEE 1000 Living in the IT Era - Lec MY SYSTEMI 1.25 1.0 GEE 10COL Living in the IT Era - Lab 1.00 3.0 NSTP 1202 National Service Training Progrm 2 2.0 1.00 PE 1202 Rhythmic Activities 3.0 1.25 Psychological Statistics - Lec PSY 1202 2.0 1.25 Psychological Statistics - Lab PSY 1202L JRD SEMESTER , 2019 - 2020 3.0 1.00 English for the Profession ENG 1000 2.0 1.00 The Perpetualite: Called to Perfection FCL 2103 3.0 1.00 FIL 3000 Hasining na Pagpapahayag 1.25 3.0 Ethics GEC 2000 3.0 1.25 The Entrepreneurial Mind GEE 2000 20 1.00 Individual/Dual Sports PE 2103 1.75 3.0 Physiology/Biological Psychology PSY 2103 3.0 1.50 Developmental Psychology PSY 2104 3.0 1.50 Theories of Personality PSY 2105 IST SEMESTER . 2020 - 2021 1.00 2.0 The Perpetualite: A Man for Others FCL 2204 1.25 3.0 Arts Appreciation GEC 3000 1.25 3.0 Readings In Philippine History GEC 7000 1.00 2.0 Team Sports PE 2204 1.00 Experimental Psychology - Lec PSY 220G 1.29 2.0 Experimental Psychology - Lab PSY 2206L 3.0 1.35 The Life and Works of Rizal RZL 1000 2ND SEMESTER . 2020 - 2021 1.00 2.0 The Perpetualite: A Filipino Christian Leader FCL 3105 1.50 3.0 PSY 3105 Cognitive Psychology 1.25 3.0 Field Methods in Psychology - Lec PSY 3107 1.50 2.0 Field Methods in Psychology - Lab PSY 3107L 3.0 1.25 Social Psychology PSY 3108 1.25 10 PSY 3109 Industrial/Organizational Psychology 1.25 3.0 PSY 3110 Group Dynamics 3RD SEMESTER . 2020 - 2021 20 1.00 The Perpetualite: Minister of Life FOL 3205 1.25 Psychological Assessment - Lec PSY 2211 ...
UNIVERSITY REGISTRAR NOT VALID WITHOUT SCHOOL SEAL

=== End of Results ===

2024-11-10 09:24:56
Extracted Text:
TAP SYSTER
University of Perpetual Help System DALTA
Alabang - Zapote Road, Pamplona 3, Las Pintas City, Metro Manila 1740, Philippines
www.perpetualdalla.edu.ph . +63(02) 671-06-39
Student Name	ID Number
FCL 1101	PIL 1000
GEC 1000	GEC 4000
GEC 50CO
NSTP 1101	PE 1101
PSY 1101
FCL 1202	GEC 6000
GEC 8000	GEE 1000
GEE 10COL	NSTP 1202
PE 1202	PSY 1202
PSY 1202L
ENG 1000	FCL 2103
FIL 3000
GEC 2000	GEE 2000
PE 2103	PSY 2103
PSY 2104	PSY 2105
FCL 2204	GEC 3000
GEC 7000	PE 2204
PSY 220G	PSY 2206L
RZL 1000
FCL 3105	PSY 3105
PSY 3107	PSY 3107L
PSY 3108	PSY 3109
PSY 3110
FOL 3205	PSY 2211
OFFICE OF THE UNIVERSITY REGISTRAR
OFFICIAL TRANSCRIPT OF RECORDS
: ACABADO, JERRY MAE RIPALDA
: 19-0179-116
Course Title
The Perpetualite: Identity and Dignity	Komunikasyon sa Akademikong Filipino
Understanding the Self
Purposive Communication	Mathematics in the Modem Werld
Nacional Service Training Program I
Foundations of Physical Education	Introduction to Psychology
The Perpetualite: A Man of God
The Contemporary World	Science, Technology, and Society
Living in the IT Era - Lec
Living in the IT Era - Lab	National Service Training Progrm 2
Rhythmic Activities	Psychological Statistics - Lec
Psychological Statistics - Lab
MY SYSTEMI
English for the Profession	The Perpetualite: Called to Perfection
Hasining na Pagpapahayag	Ethics
The Entrepreneurial Mind	Individual/Dual Sports
Physiology/Biological Psychology
Developmental Psychology	Theories of Personality
The Perpetualite: A Man for Others
Arts Appreciation	Readings In Philippine History
Team Sports	Experimental Psychology - Lec
Experimental Psychology - Lab	The Life and Works of Rizal
The Perpetualite: A Filipino Christian Leader
Cognitive Psychology	Field Methods in Psychology - Lec
Field Methods in Psychology - Lab	Social Psychology
Industrial/Organizational Psychology
Group Dynamics
The Perpetualite: Minister of Life	Psychological Assessment - Lec
...
NOT VALID WITHOUT SCHOOL SEAL
Page 2 of 3
Grade Credit Unit's Completion
1.00	2.0	1.00	3.0
3.0	1.00	3.0
1.00	3.0
1.25	3.0	1.00	20
1.25	3.0
1.00	2.0	1.75
3.0	1.50
1.75	1.25	1.0
1.00	3.0	1.00	2.0
1.25	3.0
1.25	2.0
1.00	3.0	1.00	2.0
1.00	3.0
1.25	3.0	1.25	3.0
1.00	20	1.75	3.0
1.50	3.0
1.50	3.0
1.00	2.0	1.25	3.0
1.25	3.0
1.00	2.0	1.00
1.29	2.0
1.35	3.0
1.00	2.0	1.50	3.0
1.25	3.0
1.50	2.0	1.25	3.0
1.25	10	1.25	3.0
1.00	20	1.25


2024-11-10 09:28:25
Structured Text:
FCL 1101	University of Perpetual Help System DALTA	1.00	2.0
PIL 1000	TAP SYSTER	1.00	3.0
GEC 1000	Alabang - Zapote Road, Pamplona 3, Las Pintas City, Metro Manila 1740, Philippines	1.00	3.0
GEC 4000	www.perpetualdalla.edu.ph . +63(02) 671-06-39	1.00	3.0
NSTP 1101	OFFICE OF THE UNIVERSITY REGISTRAR	1.25	3.0
PE 1101	OFFICIAL TRANSCRIPT OF RECORDS	1.00	3.0
PSY 1101	Student Name	1.25	2.0
FCL 1202	: ACABADO, JERRY MAE RIPALDA	1.00	3.0
GEC 6000	ID Number	1.75	2.0
GEC 8000	: 19-0179-116	1.50	3.0
GEE 1000	Page 2 of 3	1.75	1.0
NSTP 1202	Course Title	1.25	3.0
PE 1202	Grade Credit Unit's Completion	1.00	2.0
PSY 1202	The Perpetualite: Identity and Dignity	1.00	3.0
PSY 1202L	Komunikasyon sa Akademikong Filipino	1.25	2.0
ENG 1000	Understanding the Self	1.25	3.0
FCL 2103	Purposive Communication	1.00	2.0
FIL 3000	GEC 50CO	1.00	3.0
GEC 2000	Mathematics in the Modem Werld	1.00	3.0
GEE 2000	Nacional Service Training Program I	1.25	3.0
PE 2103	Foundations of Physical Education	1.25	2.0
PSY 2103	Introduction to Psychology	1.00	3.0
PSY 2104	The Perpetualite: A Man of God	1.75	3.0
PSY 2105	The Contemporary World	1.50	3.0
FCL 2204	Science, Technology, and Society	1.50	2.0
GEC 3000	Living in the IT Era - Lec	1.00	3.0
GEC 7000	MY SYSTEMI	1.25	3.0
PE 2204	GEE 10COL	1.25	2.0
PSY 220G	Living in the IT Era - Lab	1.00	2.0
PSY 2206L	National Service Training Progrm 2	1.00	3.0
RZL 1000	Rhythmic Activities	1.00	2.0
FCL 3105	Psychological Statistics - Lec	1.50	3.0
PSY 3105	Psychological Statistics - Lab	1.25	3.0
PSY 3107	English for the Profession	1.50	2.0
PSY 3107L	The Perpetualite: Called to Perfection	1.25	3.0
PSY 3108	Hasining na Pagpapahayag	1.25	1.0
PSY 3109	Ethics	1.25	3.0
PSY 3110	The Entrepreneurial Mind	1.00	2.0
FOL 3205	Individual/Dual Sports	1.25	
PSY 2211	Physiology/Biological Psychology		


